<?xml version="1.0" encoding="UTF-8"?>
<!-- Generated by org.testng.reporters.JUnitReportReporter -->
<testsuite skipped="0" hostname="A-PC" name="com.resonance.homepage.HomePageTests" tests="1" failures="0" timestamp="2022-01-20T22:14:59 IST" time="32.886" errors="0">
  <testcase name="verifyClickOnjoinMeeting" time="32.886" classname="com.resonance.homepage.HomePageTests"/>
  <system-out/>
</testsuite> <!-- com.resonance.homepage.HomePageTests -->
