<?xml version="1.0" encoding="UTF-8"?>
<!-- Generated by org.testng.reporters.JUnitReportReporter -->
<testsuite skipped="0" hostname="A-PC" name="com.facebook.Facebook" tests="1" failures="0" timestamp="2022-01-12T16:28:42 IST" time="21.116" errors="0">
  <testcase name="verifySignUp" time="21.116" classname="com.facebook.Facebook"/>
  <system-out/>
</testsuite> <!-- com.facebook.Facebook -->
