<?xml version="1.0" encoding="UTF-8"?>
<!-- Generated by org.testng.reporters.JUnitReportReporter -->
<testsuite skipped="0" hostname="A-PC" name="com.facebook.Travel" tests="1" failures="0" timestamp="2022-01-13T19:13:59 IST" time="45.225" errors="0">
  <testcase name="verifyPickupPoint" time="45.225" classname="com.facebook.Travel"/>
  <system-out/>
</testsuite> <!-- com.facebook.Travel -->
